TN:
SF:src/StakingStorage.sol
DA:35,105
FN:35,StakingStorage.constructor
FNDA:105,StakingStorage.constructor
DA:36,105
DA:37,105
DA:38,105
DA:39,105
DA:46,86
FN:46,StakingStorage.createStake
FNDA:86,StakingStorage.createStake
DA:52,81
DA:53,81
DA:55,81
DA:57,81
BRDA:57,0,0,-
BRDA:57,0,1,81
DA:60,81
DA:68,81
DA:71,81
BRDA:71,1,0,67
DA:73,67
DA:77,81
DA:78,81
DA:79,81
DA:82,81
DA:83,81
DA:86,81
DA:89,20
FN:89,StakingStorage.getStakerStakeIds
FNDA:20,StakingStorage.getStakerStakeIds
DA:92,20
DA:93,20
DA:95,20
DA:96,21
DA:99,20
DA:102,18
FN:102,StakingStorage.removeStake
FNDA:18,StakingStorage.removeStake
DA:106,18
DA:109,18
BRDA:109,2,0,-
BRDA:109,2,1,18
DA:111,18
BRDA:111,3,0,-
BRDA:111,3,1,18
DA:112,18
BRDA:112,4,0,-
BRDA:112,4,1,18
DA:114,18
DA:115,18
DA:118,18
DA:121,18
DA:122,18
DA:125,18
DA:126,18
DA:129,18
DA:132,86
FN:132,StakingStorage.getStake
FNDA:86,StakingStorage.getStake
DA:136,86
DA:137,86
BRDA:137,5,0,2
BRDA:137,5,1,84
DA:139,84
BRDA:139,6,0,-
BRDA:139,6,1,84
DA:140,84
DA:143,0
FN:143,StakingStorage.isActiveStake
FNDA:0,StakingStorage.isActiveStake
DA:147,0
DA:149,0
BRDA:149,7,0,-
BRDA:149,7,1,-
DA:150,0
DA:157,15
FN:157,StakingStorage.getStakerInfo
FNDA:15,StakingStorage.getStakerInfo
DA:160,15
DA:163,7
FN:163,StakingStorage.getStakerBalance
FNDA:7,StakingStorage.getStakerBalance
DA:164,7
DA:167,8
FN:167,StakingStorage.getStakerBalanceAt
FNDA:8,StakingStorage.getStakerBalanceAt
DA:171,8
DA:174,1
FN:174,StakingStorage.batchGetStakerBalances
FNDA:1,StakingStorage.batchGetStakerBalances
DA:178,1
DA:179,1
DA:180,3
DA:182,1
DA:189,4
FN:189,StakingStorage.getDailySnapshot
FNDA:4,StakingStorage.getDailySnapshot
DA:192,4
DA:195,17
FN:195,StakingStorage.getCurrentTotalStaked
FNDA:17,StakingStorage.getCurrentTotalStaked
DA:196,17
DA:199,19
FN:199,StakingStorage.getStakersPaginated
FNDA:19,StakingStorage.getStakersPaginated
DA:203,19
DA:204,19
BRDA:204,8,0,3
BRDA:204,8,1,16
DA:206,16
DA:207,16
BRDA:207,9,0,14
DA:209,16
DA:210,16
DA:211,22
DA:213,16
DA:216,3
FN:216,StakingStorage.getTotalStakersCount
FNDA:3,StakingStorage.getTotalStakersCount
DA:217,3
DA:224,211
FN:224,StakingStorage._getCurrentDay
FNDA:211,StakingStorage._getCurrentDay
DA:225,211
DA:228,102
FN:228,StakingStorage._generateStakeId
FNDA:102,StakingStorage._generateStakeId
DA:232,102
DA:235,204
FN:235,StakingStorage._getStakerFromId
FNDA:204,StakingStorage._getStakerFromId
DA:236,204
DA:239,0
FN:239,StakingStorage._getCounterFromId
FNDA:0,StakingStorage._getCounterFromId
DA:240,0
DA:243,99
FN:243,StakingStorage._updateStakerCheckpoint
FNDA:99,StakingStorage._updateStakerCheckpoint
DA:249,99
DA:252,99
BRDA:252,10,0,81
BRDA:252,10,1,18
DA:253,81
DA:255,18
DA:256,18
DA:262,99
DA:265,99
DA:267,99
DA:268,32
DA:269,89
BRDA:269,11,0,89
DA:272,99
DA:274,99
DA:282,99
FN:282,StakingStorage._updateDailySnapshot
FNDA:99,StakingStorage._updateDailySnapshot
DA:288,99
BRDA:288,12,0,35
DA:289,35
DA:290,35
DA:293,99
DA:295,99
BRDA:295,13,0,81
BRDA:295,13,1,-
DA:296,81
DA:297,81
DA:298,81
DA:300,18
DA:301,18
DA:302,18
BRDA:302,14,0,18
BRDA:301,14,1,-
DA:303,0
DA:304,18
DA:305,18
BRDA:305,15,0,18
BRDA:304,15,1,-
DA:306,0
DA:310,99
BRDA:310,16,0,81
BRDA:310,16,1,18
DA:311,81
DA:313,18
DA:314,18
DA:320,117
FN:320,StakingStorage._getStakerBalanceAt
FNDA:117,StakingStorage._getStakerBalanceAt
DA:324,117
DA:325,117
DA:328,117
DA:331,50
DA:332,50
DA:335,26
DA:338,26
DA:339,26
DA:340,26
DA:342,57
DA:343,31
DA:344,31
DA:346,31
BRDA:346,20,0,31
BRDA:346,20,1,-
DA:347,31
DA:348,31
DA:350,0
DA:351,0
DA:355,26
FNF:21
FNH:19
LF:134
LH:124
BRF:32
BRH:21
end_of_record
TN:
SF:src/StakingVault.sol
DA:54,81
FN:54,StakingVault.constructor
FNDA:81,StakingVault.constructor
DA:60,81
DA:61,81
DA:62,81
DA:63,81
DA:65,81
DA:66,81
DA:79,81
FN:79,StakingVault.stake
FNDA:81,StakingVault.stake
DA:83,80
BRDA:83,0,0,2
BRDA:83,0,1,78
DA:85,78
DA:88,78
DA:91,74
DA:93,74
DA:100,26
FN:100,StakingVault.unstake
FNDA:26,StakingVault.unstake
DA:101,24
DA:104,24
DA:110,22
BRDA:110,1,0,-
BRDA:110,1,1,22
DA:111,22
BRDA:111,2,0,1
BRDA:111,2,1,21
DA:114,21
DA:115,21
DA:116,21
BRDA:116,3,0,3
BRDA:116,3,1,18
DA:122,18
DA:125,18
DA:127,17
DA:137,7
FN:137,StakingVault.stakeFromClaim
FNDA:7,StakingVault.stakeFromClaim
DA:147,6
BRDA:147,4,0,-
BRDA:147,4,1,6
DA:149,6
DA:152,6
DA:154,6
DA:164,5
FN:164,StakingVault.pause
FNDA:5,StakingVault.pause
DA:165,4
DA:171,2
FN:171,StakingVault.unpause
FNDA:2,StakingVault.unpause
DA:172,2
DA:180,8
FN:180,StakingVault.emergencyRecover
FNDA:8,StakingVault.emergencyRecover
DA:184,4
BRDA:184,5,0,2
BRDA:184,5,1,2
DA:185,2
DA:186,2
DA:193,101
FN:193,StakingVault._getCurrentDay
FNDA:101,StakingVault._getCurrentDay
DA:194,101
FNF:8
FNH:8
LF:39
LH:39
BRF:12
BRH:10
end_of_record
TN:
SF:src/Token.sol
DA:9,0
FN:9,Token.mint
FNDA:0,Token.mint
DA:10,0
FNF:1
FNH:0
LF:2
LH:0
BRF:0
BRH:0
end_of_record
TN:
SF:src/lib/Flags.sol
DA:15,42
FN:15,Flags.set
FNDA:42,Flags.set
DA:16,42
DA:25,3
FN:25,Flags.unset
FNDA:3,Flags.unset
DA:26,3
DA:35,87
FN:35,Flags.isSet
FNDA:87,Flags.isSet
DA:36,87
FNF:3
FNH:3
LF:6
LH:6
BRF:0
BRH:0
end_of_record
TN:
SF:src/reward-system/EpochManager.sol
DA:34,36
FN:34,EpochManager.constructor
FNDA:36,EpochManager.constructor
DA:35,36
DA:38,22
FN:38,EpochManager.announceEpoch
FNDA:22,EpochManager.announceEpoch
DA:44,21
DA:45,21
DA:47,21
DA:61,21
DA:62,21
DA:63,0
DA:66,6
FN:66,EpochManager.setEpochPoolSize
FNDA:6,EpochManager.setEpochPoolSize
DA:70,6
DA:71,6
BRDA:71,0,0,1
BRDA:71,0,1,5
DA:72,5
DA:75,16
FN:75,EpochManager.updateEpochStates
FNDA:16,EpochManager.updateEpochStates
DA:76,16
DA:79,16
DA:80,10
DA:81,10
DA:83,10
BRDA:83,1,0,9
BRDA:83,1,1,9
DA:84,9
DA:87,9
DA:88,9
DA:91,9
DA:94,9
DA:95,9
DA:96,9
DA:98,1
DA:103,16
DA:104,16
DA:105,16
DA:107,16
BRDA:107,2,0,7
BRDA:107,2,1,7
DA:108,7
DA:111,7
DA:114,7
DA:115,7
DA:116,7
DA:120,9
DA:125,5
FN:125,EpochManager.finalizeEpoch
FNDA:5,EpochManager.finalizeEpoch
DA:130,5
DA:131,5
BRDA:131,3,0,-
BRDA:131,3,1,5
DA:132,5
DA:133,5
DA:134,5
DA:135,5
DA:138,13
FN:138,EpochManager.getEpoch
FNDA:13,EpochManager.getEpoch
DA:139,13
DA:142,3
FN:142,EpochManager.getActiveEpochs
FNDA:3,EpochManager.getActiveEpochs
DA:143,3
DA:146,0
FN:146,EpochManager.getEpochState
FNDA:0,EpochManager.getEpochState
DA:147,0
DA:150,0
FN:150,EpochManager.getCurrentDay
FNDA:0,EpochManager.getCurrentDay
DA:151,16
FNF:9
FNH:7
LF:52
LH:48
BRF:8
BRH:7
end_of_record
TN:
SF:src/reward-system/GrantedRewardStorage.sol
DA:43,60
FN:43,GrantedRewardStorage.constructor
FNDA:60,GrantedRewardStorage.constructor
DA:44,60
DA:47,96
FN:47,GrantedRewardStorage.grantReward
FNDA:96,GrantedRewardStorage.grantReward
DA:54,95
DA:64,95
DA:67,17
FN:67,GrantedRewardStorage.markRewardClaimed
FNDA:17,GrantedRewardStorage.markRewardClaimed
DA:71,16
DA:72,15
BRDA:72,0,0,1
BRDA:72,0,1,14
DA:73,14
DA:74,14
DA:77,10
FN:77,GrantedRewardStorage.batchMarkClaimed
FNDA:10,GrantedRewardStorage.batchMarkClaimed
DA:81,10
DA:82,10
DA:83,10
DA:84,14
DA:85,14
DA:86,14
BRDA:86,1,0,12
DA:87,12
DA:88,12
DA:89,12
DA:92,10
DA:95,22
FN:95,GrantedRewardStorage.getUserRewards
FNDA:22,GrantedRewardStorage.getUserRewards
DA:98,22
DA:101,25
FN:101,GrantedRewardStorage.getUserClaimableAmount
FNDA:25,GrantedRewardStorage.getUserClaimableAmount
DA:104,25
DA:105,25
DA:106,30
DA:107,24
BRDA:107,2,0,24
DA:109,25
DA:112,14
FN:112,GrantedRewardStorage.getUserClaimableRewards
FNDA:14,GrantedRewardStorage.getUserClaimableRewards
DA:115,14
DA:116,14
DA:118,14
DA:121,8
DA:122,8
DA:123,8
DA:124,8
DA:126,8
DA:127,13
BRDA:127,4,0,10
DA:128,10
DA:129,10
DA:130,10
DA:134,8
DA:135,8
DA:136,8
DA:137,10
DA:138,10
DA:141,8
DA:144,3
FN:144,GrantedRewardStorage.getUserEpochRewards
FNDA:3,GrantedRewardStorage.getUserEpochRewards
DA:148,3
DA:149,3
DA:150,8
BRDA:150,5,0,4
DA:153,3
DA:156,3
DA:157,3
DA:158,8
BRDA:158,6,0,4
DA:159,4
DA:160,4
DA:163,3
DA:166,6
FN:166,GrantedRewardStorage.getUserRewardsPaginated
FNDA:6,GrantedRewardStorage.getUserRewardsPaginated
DA:171,6
DA:172,6
DA:174,4
DA:175,4
BRDA:175,8,0,1
DA:177,4
DA:180,4
DA:181,15
DA:183,4
DA:186,10
FN:186,GrantedRewardStorage.updateNextClaimableIndex
FNDA:10,GrantedRewardStorage.updateNextClaimableIndex
DA:189,9
DA:190,9
DA:192,9
DA:193,13
BRDA:193,9,0,3
DA:194,3
DA:195,3
DA:198,6
FNF:10
FNH:10
LF:76
LH:76
BRF:9
BRH:9
end_of_record
TN:
SF:src/reward-system/RewardManager.sol
DA:31,24
FN:31,RewardManager.constructor
FNDA:24,RewardManager.constructor
DA:39,24
DA:40,24
DA:42,24
DA:43,24
DA:44,24
DA:45,24
DA:46,24
DA:49,16
FN:49,RewardManager.calculateImmediateRewards
FNDA:16,RewardManager.calculateImmediateRewards
DA:56,15
BRDA:56,0,0,1
BRDA:56,0,1,14
DA:58,14
DA:60,14
BRDA:60,1,0,-
BRDA:60,1,1,14
DA:64,14
BRDA:64,2,0,1
BRDA:64,2,1,13
DA:69,13
DA:72,13
DA:74,13
DA:79,11
DA:80,15
DA:91,15
FN:91,RewardManager._processImmediateRewardsForStaker
FNDA:15,RewardManager._processImmediateRewardsForStaker
DA:99,15
DA:101,15
DA:102,15
DA:103,15
BRDA:103,3,0,15
DA:104,15
DA:110,15
DA:111,15
BRDA:111,4,0,15
DA:122,6
FN:122,RewardManager.calculateEpochRewards
FNDA:6,RewardManager.calculateEpochRewards
DA:127,5
BRDA:127,5,0,-
BRDA:127,5,1,5
DA:129,5
DA:130,5
BRDA:130,6,0,1
BRDA:130,6,1,4
DA:134,4
BRDA:134,7,0,1
BRDA:134,7,1,3
DA:136,3
DA:138,3
BRDA:138,8,0,-
BRDA:138,8,1,3
DA:142,3
BRDA:142,9,0,-
BRDA:142,9,1,3
DA:147,3
DA:152,3
DA:153,4
DA:157,4
FN:157,RewardManager._processEpochRewardsForStaker
FNDA:4,RewardManager._processEpochRewardsForStaker
DA:162,4
DA:168,4
BRDA:168,10,0,4
DA:169,4
DA:172,4
DA:175,4
DA:183,4
BRDA:183,11,0,4
DA:184,4
DA:195,6
FN:195,RewardManager.claimAllRewards
FNDA:6,RewardManager.claimAllRewards
DA:196,6
DA:198,6
BRDA:198,12,0,2
BRDA:198,12,1,4
DA:199,4
DA:202,2
FN:202,RewardManager.claimSpecificRewards
FNDA:2,RewardManager.claimSpecificRewards
DA:205,2
BRDA:205,13,0,-
BRDA:205,13,1,2
DA:206,2
DA:209,2
FN:209,RewardManager.claimEpochRewards
FNDA:2,RewardManager.claimEpochRewards
DA:212,2
DA:215,2
DA:217,2
DA:218,2
DA:219,2
BRDA:219,14,0,1
DA:222,2
BRDA:222,15,0,1
BRDA:222,15,1,1
DA:224,1
DA:225,1
DA:226,1
DA:227,2
BRDA:227,16,0,1
DA:228,1
DA:229,1
DA:233,1
DA:236,20
FN:236,RewardManager.getClaimableRewards
FNDA:20,RewardManager.getClaimableRewards
DA:237,20
DA:240,4
FN:240,RewardManager.getUserRewardSummary
FNDA:4,RewardManager.getUserRewardSummary
DA:251,4
DA:252,4
DA:254,4
DA:255,3
DA:256,3
DA:257,2
BRDA:257,17,0,2
DA:259,4
DA:262,1
FN:262,RewardManager.addRewardFunds
FNDA:1,RewardManager.addRewardFunds
DA:263,1
DA:266,2
FN:266,RewardManager.emergencyPause
FNDA:2,RewardManager.emergencyPause
DA:267,2
DA:270,1
FN:270,RewardManager.emergencyResume
FNDA:1,RewardManager.emergencyResume
DA:271,1
DA:274,7
FN:274,RewardManager._claimRewards
FNDA:7,RewardManager._claimRewards
DA:277,7
DA:278,7
DA:279,7
DA:283,7
DA:284,7
DA:285,7
BRDA:285,18,0,1
BRDA:285,18,1,6
DA:286,6
DA:289,6
BRDA:289,19,0,-
BRDA:289,19,1,6
DA:290,6
DA:293,6
BRDA:293,20,0,-
BRDA:293,20,1,6
DA:295,6
DA:296,6
DA:298,6
DA:300,6
DA:314,4
FN:314,RewardManager._calculateUserEpochWeight
FNDA:4,RewardManager._calculateUserEpochWeight
DA:319,4
DA:320,4
DA:322,4
DA:323,4
DA:326,4
BRDA:326,21,0,4
DA:327,4
DA:328,4
DA:330,4
BRDA:330,22,0,4
DA:331,4
DA:332,4
DA:337,4
DA:349,0
FN:349,RewardManager._getStakeEffectivePeriod
FNDA:0,RewardManager._getStakeEffectivePeriod
DA:355,0
DA:356,0
DA:357,0
FNF:16
FNH:15
LF:113
LH:109
BRF:37
BRH:30
end_of_record
TN:
SF:src/reward-system/StrategiesRegistry.sol
DA:32,48
FN:32,StrategiesRegistry.constructor
FNDA:48,StrategiesRegistry.constructor
DA:33,48
DA:36,73
FN:36,StrategiesRegistry.registerStrategy
FNDA:73,StrategiesRegistry.registerStrategy
DA:39,72
DA:40,72
DA:42,72
DA:43,72
DA:45,71
DA:53,71
DA:54,71
DA:57,68
FN:57,StrategiesRegistry.setStrategyStatus
FNDA:68,StrategiesRegistry.setStrategyStatus
DA:61,67
BRDA:61,0,0,-
BRDA:61,0,1,67
DA:66,67
DA:67,67
DA:69,67
DA:71,67
DA:74,65
BRDA:74,2,0,65
BRDA:74,2,1,2
DA:75,65
DA:77,2
DA:78,2
BRDA:78,3,0,2
DA:79,2
DA:80,2
DA:81,2
DA:86,67
DA:89,4
FN:89,StrategiesRegistry.updateStrategyVersion
FNDA:4,StrategiesRegistry.updateStrategyVersion
DA:92,3
BRDA:92,4,0,1
BRDA:92,4,1,2
DA:96,2
DA:97,2
DA:103,6
FN:103,StrategiesRegistry.getActiveStrategies
FNDA:6,StrategiesRegistry.getActiveStrategies
DA:104,6
DA:107,6
DA:110,6
DA:113,6
DA:114,3
DA:116,6
DA:117,2
DA:119,6
DA:122,0
FN:122,StrategiesRegistry.getActiveStrategiesByType
FNDA:0,StrategiesRegistry.getActiveStrategiesByType
DA:125,0
DA:128,25
FN:128,StrategiesRegistry.getStrategy
FNDA:25,StrategiesRegistry.getStrategy
DA:131,25
BRDA:131,5,0,1
BRDA:131,5,1,24
DA:135,24
DA:138,0
FN:138,StrategiesRegistry.getStrategyAddress
FNDA:0,StrategiesRegistry.getStrategyAddress
DA:141,0
BRDA:141,6,0,-
BRDA:141,6,1,-
DA:145,0
FNF:8
FNH:6
LF:45
LH:40
BRF:11
BRH:8
end_of_record
TN:
SF:src/reward-system/strategies/EpochPoolStrategy.sol
DA:17,48
FN:17,EpochPoolStrategy.constructor
FNDA:48,EpochPoolStrategy.constructor
DA:23,48
DA:24,48
DA:25,48
DA:26,48
DA:29,38
FN:29,EpochPoolStrategy.getStrategyType
FNDA:38,EpochPoolStrategy.getStrategyType
DA:30,38
DA:33,0
FN:33,EpochPoolStrategy.getEpochDuration
FNDA:0,EpochPoolStrategy.getEpochDuration
DA:34,0
DA:37,0
FN:37,EpochPoolStrategy.getParameters
FNDA:0,EpochPoolStrategy.getParameters
DA:38,0
DA:41,0
FN:41,EpochPoolStrategy.updateParameters
FNDA:0,EpochPoolStrategy.updateParameters
DA:42,0
BRDA:42,0,0,-
BRDA:42,0,1,-
DA:43,0
BRDA:43,1,0,-
BRDA:43,1,1,-
DA:44,0
DA:47,0
FN:47,EpochPoolStrategy.isApplicable
FNDA:0,EpochPoolStrategy.isApplicable
DA:51,0
DA:55,0
DA:56,0
DA:60,4
FN:60,EpochPoolStrategy.calculateEpochReward
FNDA:4,EpochPoolStrategy.calculateEpochReward
DA:68,4
DA:69,4
DA:72,0
FN:72,EpochPoolStrategy.validateEpochParticipation
FNDA:0,EpochPoolStrategy.validateEpochParticipation
DA:78,0
DA:82,0
DA:83,0
FNF:8
FNH:3
LF:26
LH:10
BRF:4
BRH:0
end_of_record
TN:
SF:src/reward-system/strategies/LinearAPRStrategy.sol
DA:17,37
FN:17,LinearAPRStrategy.constructor
FNDA:37,LinearAPRStrategy.constructor
DA:23,37
DA:24,37
DA:25,37
DA:26,37
DA:29,33
FN:29,LinearAPRStrategy.getStrategyType
FNDA:33,LinearAPRStrategy.getStrategyType
DA:30,33
DA:33,0
FN:33,LinearAPRStrategy.getEpochDuration
FNDA:0,LinearAPRStrategy.getEpochDuration
DA:34,0
DA:37,0
FN:37,LinearAPRStrategy.getParameters
FNDA:0,LinearAPRStrategy.getParameters
DA:38,0
DA:41,0
FN:41,LinearAPRStrategy.updateParameters
FNDA:0,LinearAPRStrategy.updateParameters
DA:42,0
BRDA:42,0,0,-
BRDA:42,0,1,-
DA:43,0
BRDA:43,1,0,-
BRDA:43,1,1,-
DA:44,0
DA:47,15
FN:47,LinearAPRStrategy.isApplicable
FNDA:15,LinearAPRStrategy.isApplicable
DA:51,15
DA:55,15
DA:56,15
DA:60,15
FN:60,LinearAPRStrategy.calculateHistoricalReward
FNDA:15,LinearAPRStrategy.calculateHistoricalReward
DA:66,15
DA:71,15
DA:75,15
DA:76,15
DA:77,0
BRDA:77,2,0,-
DA:79,15
DA:80,15
DA:81,0
BRDA:81,3,0,-
DA:83,15
DA:85,15
DA:86,15
DA:87,15
FNF:7
FNH:4
LF:32
LH:22
BRF:6
BRH:0
end_of_record
TN:
SF:tests/security/Reentrancy.t.sol
DA:27,1
FN:27,MaliciousToken.setVault
FNDA:1,MaliciousToken.setVault
DA:28,1
DA:31,1
FN:31,MaliciousToken.setStakeId
FNDA:1,MaliciousToken.setStakeId
DA:32,1
DA:36,1
FN:36,MaliciousToken.transfer
FNDA:1,MaliciousToken.transfer
DA:38,1
BRDA:38,0,0,1
DA:40,1
DA:42,0
DA:45,2
FN:45,MaliciousToken.setAttackStep
FNDA:2,MaliciousToken.setAttackStep
DA:46,2
FNF:4
FNH:4
LF:10
LH:9
BRF:1
BRH:1
end_of_record
